<?xml version="1.0" encoding="UTF-8"?>
<!-- Generated by org.testng.reporters.JUnitReportReporter -->
<testsuite hostname="IONDELWS770" name="tests.GetAndPostExamples" tests="2" failures="0" timestamp="4 Mar 2021 19:35:20 GMT" time="3.390" errors="0">
  <testcase name="testPost" time="0.876" classname="tests.GetAndPostExamples"/>
  <testcase name="testGet" time="2.514" classname="tests.GetAndPostExamples"/>
</testsuite> <!-- tests.GetAndPostExamples -->
