<?xml version="1.0" encoding="UTF-8"?>
<!-- Generated by org.testng.reporters.JUnitReportReporter -->
<testsuite hostname="IONDELWS770" name="tests.GetExampleUsingQueryParam" tests="1" failures="0" timestamp="4 Mar 2021 18:23:06 GMT" time="1.831" errors="0">
  <testcase name="getResponseTime" time="1.831" classname="tests.GetExampleUsingQueryParam"/>
</testsuite> <!-- tests.GetExampleUsingQueryParam -->
