<?xml version="1.0" encoding="UTF-8"?>
<!-- Generated by org.testng.reporters.JUnitReportReporter -->
<testsuite hostname="IONDELWS770" name="tests.TestsExamples" tests="1" failures="0" timestamp="10 Feb 2021 19:59:31 GMT" time="1.807" errors="0">
  <testcase name="test_1" time="1.807" classname="tests.TestsExamples"/>
</testsuite> <!-- tests.TestsExamples -->
