<?xml version="1.0" encoding="UTF-8"?>
<!-- Generated by org.testng.reporters.JUnitReportReporter -->
<testsuite hostname="IONDELWS770" name="tests.GetExamleUsingQueryParam" tests="1" failures="0" timestamp="4 Mar 2021 17:05:08 GMT" time="1.751" errors="0">
  <testcase name="getResponseHeaders" time="1.751" classname="tests.GetExamleUsingQueryParam"/>
</testsuite> <!-- tests.GetExamleUsingQueryParam -->
