<?xml version="1.0" encoding="UTF-8"?>
<!-- Generated by org.testng.reporters.JUnitReportReporter -->
<testsuite hostname="IONDELWS770" name="tests.GetAndPostExamples" tests="1" failures="0" timestamp="10 Feb 2021 20:10:41 GMT" time="2.377" errors="0">
  <testcase name="testPost" time="2.377" classname="tests.GetAndPostExamples"/>
</testsuite> <!-- tests.GetAndPostExamples -->
